0238fe3f-b671-4911-8a61-520dca42afce.mp3
04704fe5-542f-414e-aa35-290b25862af1.mp3
04ddf191-66c1-44c7-b869-86ddb0421188.mp3
05ee38a5-0793-494d-ac50-c1909475379c.mp3
0fec89d9-2bc4-43f1-816e-6c4f6522fa8e.mp3
10425ee0-106b-4ae4-b396-8efb5271ef62.mp3
1202140e-0054-463b-ae38-3b8f40f55d89.mp3
14b9a94f-5914-4784-9e32-f9e6f5d7e752.mp3
14d5b0b9-4fb8-408a-bcb2-c9ffaaec0620.mp3
1612b968-9a5c-4086-aea1-6282ebdc3a60.mp3
16207ff5-6600-485e-8cb0-e60bd68f55ac.mp3
1a232ed9-c6d8-49b6-9426-704d00a13aae.mp3
1c8a0fd0-f9ff-4669-93a3-bf699fcf6b02.mp3
1ef49ceb-1aaa-4993-b2d3-a595820d1f35.mp3
25d33e6f-cfd0-4f99-9f9c-e35d7a058c4b.mp3
2b097a83-54d0-4ed5-9c53-509653e42479.mp3
2c26620e-3e0b-4d76-9873-c6e06054f172.mp3
2da88ec5-96b3-4310-a54c-8d1649849e26.mp3
2ff8c6f2-7d87-4505-9405-b186883aed14.mp3
31bd1692-9af2-41a0-9401-d67adcafa18e.mp3
3a0f331e-9261-404d-9a4a-d73ceb16a782.mp3
3c5d16ba-8282-4560-b553-790d452605e1.mp3
4227877c-db7c-4697-a21a-8ab622436375.mp3
46d3896f-9f25-4e52-9a00-04559a580351.mp3
4b4b954e-d768-4bdb-964c-f33c3407c9d7.mp3
4c462201-95c0-46cd-9da2-c601b70a8dcc.mp3
4c9889d7-c928-4768-88ae-b484e3289156.mp3
4dbb381f-d61d-4d62-a9d9-ac1e91852e54.mp3
514d988d-dce2-4a92-b910-3c999aef0e8a.mp3
529a4e99-78c8-4cae-a428-44f6e5e8f37b.mp3
5495c135-645c-41c3-9e27-39d6b92aeb2d.mp3
56089e80-752f-4e1d-b0bf-73c7ea8b099b.mp3
5833c42e-c35e-423b-b2a9-174b295993b6.mp3
584a966a-9735-492c-bf23-776c5a672616.mp3
5bbde606-fcb9-435c-9959-234618787323.mp3
5e721170-9465-40e9-8568-bca37aa9c4e5.mp3
5f2f5669-718e-4799-9620-fa18e3ec1d2f.mp3
5f4e279b-a481-4e1b-b95a-596fc515af4e.mp3
61f05f6d-0886-4708-9165-c22d8d3a1a30.mp3
629f69d1-59c9-4718-994c-7e6c208d5a0f.mp3
6716e8cd-1814-4d1b-a67b-be724a2a7274.mp3
672551a9-386c-4a11-b208-21c906fddabe.mp3
69d66e83-90fb-4070-ace9-75834f8fab54.mp3
6a327c52-6fd2-403b-bd80-a629c12636ce.mp3
6ece5e3e-d613-42ae-a8b3-f9cbcff20e01.mp3
72b38d9c-eccf-4375-80d9-dc230e6d29a9.mp3
748d3772-b600-48d2-ae2b-eb7f2c6a3282.mp3
758ebd27-eeac-4437-8ff2-159095fd7ed5.mp3
75bd1682-6dc2-4de1-9649-685c214400c1.mp3
76e6eaa2-005a-4278-aca8-d15712c97f10.mp3
7f877704-e5ff-4fae-b7ac-e95179a0a80d.mp3
8014d989-feec-4dd9-8487-a36ffa1159ec.mp3
805ec061-c45f-4d96-8c34-eb9780af68c5.mp3
80ad76f8-5399-4790-9bc4-11ab902596c3.mp3
853776c3-f4ed-4baf-8a53-980b44568a49.mp3
87f7bafb-c67a-451b-b9f4-969652d3cd7c.mp3
88546687-c6a3-4505-89d7-5af0eda4c505.mp3
88974cf3-3a1b-4ee5-abc6-95601d40c996.mp3
8b6d15cd-09a6-45d2-83a6-3ac68216992b.mp3
8c03d87f-dff9-43fd-847b-283e8a537707.mp3
8fafe367-6762-4719-abfe-d9b7aaa132e5.mp3
9169e085-80eb-48f4-81c7-c79d691d0330.mp3
962bf36c-d8ce-4643-9f67-a717204e06b2.mp3
98b69892-bb6a-40f6-9f59-b84be5a0eda9.mp3
9ff6e9f6-5039-4d15-8322-a80d056dc1a0.mp3
a027034b-612f-4bbf-915e-ef2174ea5b57.mp3
a0d73dcd-e178-4856-86bf-0f507a769ebb.mp3
a31b2258-bb5b-4d6e-b89c-6469e67ec10a.mp3
a59b6bf6-7c7b-46f1-8dc1-73d9cc502c31.mp3
aa6754d2-0595-434c-9a5b-f989d5aefba9.mp3
aad87a77-8463-4ab7-8f70-8ac4d697055b.mp3
b25952a9-2322-43a3-b08a-e48c35609ee1.mp3
b623d8ee-4bb9-43c3-9a14-4ceef8fbaa29.mp3
b7db7f05-6acd-4622-a812-c84323f4ba4f.mp3
b9dbf583-af9e-4751-9d03-0d2f5effd3b0.mp3
b9e4718c-f4bd-4df7-a642-8979f1b65846.mp3
bafdecd6-4785-4810-b2ce-735ed4b01f03.mp3
c36abf2c-fe28-4627-bc06-995f4ebe398a.mp3
c9084ab2-8087-4ab5-9d2e-42b79b92e600.mp3
c94df698-4561-4638-8a5d-0ed789e7e716.mp3
c995d30e-6f52-47a0-9cf6-03b9d2c7e5ec.mp3
cd63d4bf-5fd5-4a9d-82e1-c590903334e1.mp3
ce9f5e52-a919-4586-bc09-a61f608315d0.mp3
ceb2c562-96e1-4676-ba8e-72e7e23fae99.mp3
d20690e4-20c9-4a24-bf14-e9f43cfa3935.mp3
d44f2d64-74c4-42ea-85b6-a84cd2424aa6.mp3
d724ee83-ce4f-4e9c-b22b-df1e44d66198.mp3
da54feeb-3d94-48dc-ad6f-e4e9b9536bda.mp3
de2b3966-9ab3-4047-ad02-70300083aa81.mp3
deae226b-bda2-426f-b0a9-776a988445ef.mp3
e3442eac-0379-468f-a56c-fba96f42cd46.mp3
e8c6e200-d879-48e7-acf0-836092e74ac9.mp3
eaa65967-4906-4332-b1b4-ae91366c497a.mp3
eb25f449-23fd-4e71-9a74-3a0637edfee2.mp3
f2806a92-328f-461c-91af-adb2ed4fb91c.mp3
f4fb851e-f1ea-41aa-8cb6-36085d4f9eea.mp3
f96231cd-9c1a-4093-a171-2eabb67555d7.mp3
fb59a642-0929-4c73-92b4-3f7fb14eb476.mp3
fc216c69-c365-4727-b24e-c25270bbd071.mp3
fd8406cf-1378-4a5a-a6d9-1d28635abc12.mp3
ff955a7d-3e96-45f4-b7de-6f1e519c8d58.mp3
https://audio.audiomeans.fr/file/nvPVUluDrr/0052a4bf-adfd-4a10-be4e-62cab796fa4b.mp3?_=1733819087 e3442eac-0379-468f-a56c-fba96f42cd46.mp3
https://audio.audiomeans.fr/file/nvPVUluDrr/015446aa-92ac-4e47-86a8-25352745b23d.mp3?_=1734073680 a31b2258-bb5b-4d6e-b89c-6469e67ec10a.mp3
https://audio.audiomeans.fr/file/nvPVUluDrr/02685603-add5-4601-a280-6e38e720c8b7.mp3?_=1733987281 c9084ab2-8087-4ab5-9d2e-42b79b92e600.mp3
https://audio.audiomeans.fr/file/nvPVUluDrr/06002024-eecd-41b6-9bf9-58159a7621fb.mp3?_=1730892530 a59b6bf6-7c7b-46f1-8dc1-73d9cc502c31.mp3
https://audio.audiomeans.fr/file/nvPVUluDrr/06eca20e-850b-4e0e-846e-cf8e486e86ba.mp3?_=1732174981 853776c3-f4ed-4baf-8a53-980b44568a49.mp3
https://audio.audiomeans.fr/file/nvPVUluDrr/0c63e441-b156-46e8-8bd1-4f5c41800521.mp3?_=1731569884 2ff8c6f2-7d87-4505-9405-b186883aed14.mp3
https://audio.audiomeans.fr/file/nvPVUluDrr/1286a55b-d0fd-49f3-9190-3fda4c897fef.mp3?_=1731654481 b9dbf583-af9e-4751-9d03-0d2f5effd3b0.mp3
https://audio.audiomeans.fr/file/nvPVUluDrr/1491467c-9e39-443d-b139-6649209ee4b6.mp3?_=1733396581 3a0f331e-9261-404d-9a4a-d73ceb16a782.mp3
https://audio.audiomeans.fr/file/nvPVUluDrr/150ad8e5-54bd-4c80-bdb4-ba7414fa8e01.mp3?_=1729939909 5bbde606-fcb9-435c-9959-234618787323.mp3
https://audio.audiomeans.fr/file/nvPVUluDrr/17f22e79-be55-49cc-8327-4c79bf4e5aa1.mp3?_=1733297880 deae226b-bda2-426f-b0a9-776a988445ef.mp3
https://audio.audiomeans.fr/file/nvPVUluDrr/1d6058f6-1a86-4041-9c34-e7ccdd989f5b.mp3?_=1732000081 758ebd27-eeac-4437-8ff2-159095fd7ed5.mp3
https://audio.audiomeans.fr/file/nvPVUluDrr/1e17b68e-cc90-4a22-a74b-0fea9be1b3b2.mp3?_=1731397080 25d33e6f-cfd0-4f99-9f9c-e35d7a058c4b.mp3
https://audio.audiomeans.fr/file/nvPVUluDrr/20d82792-6a0e-405f-88b7-b6a210920750.mp3?_=1733819015 fd8406cf-1378-4a5a-a6d9-1d28635abc12.mp3
https://audio.audiomeans.fr/file/nvPVUluDrr/20f5aca9-36e8-4e6b-81a2-0a326583ed0e.mp3?_=1730360581 aad87a77-8463-4ab7-8f70-8ac4d697055b.mp3
https://audio.audiomeans.fr/file/nvPVUluDrr/23afe0b7-b9e0-4d47-88e4-6844f5006736.mp3?_=1732777681 ce9f5e52-a919-4586-bc09-a61f608315d0.mp3
https://audio.audiomeans.fr/file/nvPVUluDrr/2b9d4277-d80e-42e9-84b7-c7c3b98e4390.mp3?_=1730187780 b25952a9-2322-43a3-b08a-e48c35609ee1.mp3
https://audio.audiomeans.fr/file/nvPVUluDrr/2c2cb36f-ec20-4011-90f5-61637717262d.mp3?_=1733382481 0fec89d9-2bc4-43f1-816e-6c4f6522fa8e.mp3
https://audio.audiomeans.fr/file/nvPVUluDrr/2e16f654-fbff-4f98-897c-30d0a09ef640.mp3?_=1730792580 72b38d9c-eccf-4375-80d9-dc230e6d29a9.mp3
https://audio.audiomeans.fr/file/nvPVUluDrr/2f6837ae-30b6-4f72-8042-589c8ab679c6.mp3?_=1732864081 75bd1682-6dc2-4de1-9649-685c214400c1.mp3
https://audio.audiomeans.fr/file/nvPVUluDrr/30c967ab-7b43-4ce7-b8b1-54c626f275bd.mp3?_=1729836481 6ece5e3e-d613-42ae-a8b3-f9cbcff20e01.mp3
https://audio.audiomeans.fr/file/nvPVUluDrr/354191c2-baf0-44e1-bea1-0da346ba5ad1.mp3?_=1732606681 98b69892-bb6a-40f6-9f59-b84be5a0eda9.mp3
https://audio.audiomeans.fr/file/nvPVUluDrr/37a5bf6e-6b9d-439e-b101-a36acc16d1e2.mp3?_=1733989084 bafdecd6-4785-4810-b2ce-735ed4b01f03.mp3
https://audio.audiomeans.fr/file/nvPVUluDrr/39a15bbc-bcad-4954-bd95-dcae38a24575.mp3?_=1732179466 514d988d-dce2-4a92-b910-3c999aef0e8a.mp3
https://audio.audiomeans.fr/file/nvPVUluDrr/3fdffdc1-363b-4ac6-b547-38e9d85b1dd3.mp3?_=1733123282 fc216c69-c365-4727-b24e-c25270bbd071.mp3
https://audio.audiomeans.fr/file/nvPVUluDrr/411e48fc-4460-4a70-aaed-728474ce92ea.mp3?_=1733318881 4b4b954e-d768-4bdb-964c-f33c3407c9d7.mp3
https://audio.audiomeans.fr/file/nvPVUluDrr/42bd4faf-d9a1-437e-a6fe-d3c3bbdfd5ee.mp3?_=1731913680 04704fe5-542f-414e-aa35-290b25862af1.mp3
https://audio.audiomeans.fr/file/nvPVUluDrr/456217e0-ec7b-49cb-8663-d376bfc44e8d.mp3?_=1729490881 da54feeb-3d94-48dc-ad6f-e4e9b9536bda.mp3
https://audio.audiomeans.fr/file/nvPVUluDrr/45c0156d-92ed-4263-9ad5-42df4588257b.mp3?_=1730790481 f96231cd-9c1a-4093-a171-2eabb67555d7.mp3
https://audio.audiomeans.fr/file/nvPVUluDrr/4b920f8e-16b7-4d79-93c6-875448a9dc70.mp3?_=1732179517 c36abf2c-fe28-4627-bc06-995f4ebe398a.mp3
https://audio.audiomeans.fr/file/nvPVUluDrr/4d0b79e5-f958-492d-9f66-ac3e8a1f16b1.mp3?_=1729275662 eb25f449-23fd-4e71-9a74-3a0637edfee2.mp3
https://audio.audiomeans.fr/file/nvPVUluDrr/51133961-d28d-4fa3-8adf-8fe5aa5aee97.mp3?_=1729577280 7f877704-e5ff-4fae-b7ac-e95179a0a80d.mp3
https://audio.audiomeans.fr/file/nvPVUluDrr/51a9591e-be6d-49e8-b436-e660407f2e3b.mp3?_=1731483480 5f4e279b-a481-4e1b-b95a-596fc515af4e.mp3
https://audio.audiomeans.fr/file/nvPVUluDrr/589724c9-b2ce-4a26-9994-b8b8f31eaed5.mp3?_=1733125081 f4fb851e-f1ea-41aa-8cb6-36085d4f9eea.mp3
https://audio.audiomeans.fr/file/nvPVUluDrr/59dcddb2-15a1-41b0-bffd-9cd8c8769c34.mp3?_=1732691281 584a966a-9735-492c-bf23-776c5a672616.mp3
https://audio.audiomeans.fr/file/nvPVUluDrr/5c4ea0ce-f292-431d-9208-418e47dc5abf.mp3?_=1729838281 1202140e-0054-463b-ae38-3b8f40f55d89.mp3
https://audio.audiomeans.fr/file/nvPVUluDrr/624d3abc-6f0e-4cbb-accb-fb6747e3a9a9.mp3?_=1733728081 b9e4718c-f4bd-4df7-a642-8979f1b65846.mp3
https://audio.audiomeans.fr/file/nvPVUluDrr/635c1ac5-ffa4-4708-be0e-7278311397d4.mp3?_=1730704081 c995d30e-6f52-47a0-9cf6-03b9d2c7e5ec.mp3
https://audio.audiomeans.fr/file/nvPVUluDrr/63e932e1-6393-4a3f-818a-750170c348df.mp3?_=1733209681 529a4e99-78c8-4cae-a428-44f6e5e8f37b.mp3
https://audio.audiomeans.fr/file/nvPVUluDrr/648e1036-0d8d-4061-bdb8-039b3d5ad21a.mp3?_=1730185980 1a232ed9-c6d8-49b6-9426-704d00a13aae.mp3
https://audio.audiomeans.fr/file/nvPVUluDrr/6540f32f-9ec2-415b-8871-87bd3ffa53a2.mp3?_=1732518481 ceb2c562-96e1-4676-ba8e-72e7e23fae99.mp3
https://audio.audiomeans.fr/file/nvPVUluDrr/68f094d7-f31a-469c-bd0a-d41660971c89.mp3?_=1730444880 2da88ec5-96b3-4310-a54c-8d1649849e26.mp3
https://audio.audiomeans.fr/file/nvPVUluDrr/6d2bfc2b-0c33-4019-ad24-f324ceac2564.mp3?_=1733729880 805ec061-c45f-4d96-8c34-eb9780af68c5.mp3
https://audio.audiomeans.fr/file/nvPVUluDrr/6e7b237f-28cc-4674-8d2a-6ed73c5535e6.mp3?_=1729492680 9ff6e9f6-5039-4d15-8322-a80d056dc1a0.mp3
https://audio.audiomeans.fr/file/nvPVUluDrr/707ee728-f2c9-4668-8978-7519cf1d66f9.mp3?_=1733902681 8c03d87f-dff9-43fd-847b-283e8a537707.mp3
https://audio.audiomeans.fr/file/nvPVUluDrr/73800480-f93f-4e75-b85f-966d211ca6ec.mp3?_=1729939994 b7db7f05-6acd-4622-a812-c84323f4ba4f.mp3
https://audio.audiomeans.fr/file/nvPVUluDrr/7721ceb0-28c6-4c64-b97e-e84b12db3192.mp3?_=1732259281 80ad76f8-5399-4790-9bc4-11ab902596c3.mp3
https://audio.audiomeans.fr/file/nvPVUluDrr/77c9bd92-d8f7-434a-a225-95a0ab99d6e9.mp3?_=1731568081 eaa65967-4906-4332-b1b4-ae91366c497a.mp3
https://audio.audiomeans.fr/file/nvPVUluDrr/813ce98d-a6ab-4ddf-9fc4-20ebab796cd2.mp3?_=1731656281 5495c135-645c-41c3-9e27-39d6b92aeb2d.mp3
https://audio.audiomeans.fr/file/nvPVUluDrr/82d75612-15a2-4ab9-aa97-e741cd497cb0.mp3?_=1732002181 76e6eaa2-005a-4278-aca8-d15712c97f10.mp3
https://audio.audiomeans.fr/file/nvPVUluDrr/85a38a1c-b3b1-4bcd-adb7-c31ff913642b.mp3?_=1732520581 14b9a94f-5914-4784-9e32-f9e6f5d7e752.mp3
https://audio.audiomeans.fr/file/nvPVUluDrr/864ace2c-c861-4cbb-a9cd-1596b33a5506.mp3?_=1733384581 4227877c-db7c-4697-a21a-8ab622436375.mp3
https://audio.audiomeans.fr/file/nvPVUluDrr/89f89fea-bd38-42aa-a474-045cd686e0d6.mp3?_=1730273880 31bd1692-9af2-41a0-9401-d67adcafa18e.mp3
https://audio.audiomeans.fr/file/nvPVUluDrr/8b099142-6f4b-4132-88d5-ea136c4b07a8.mp3?_=1730876882 de2b3966-9ab3-4047-ad02-70300083aa81.mp3
https://audio.audiomeans.fr/file/nvPVUluDrr/8b770c31-4144-4a9b-9e04-437f20318a9d.mp3?_=1731324182 962bf36c-d8ce-4643-9f67-a717204e06b2.mp3
https://audio.audiomeans.fr/file/nvPVUluDrr/8c0e8795-cc67-4cea-b3a0-c0bc884d9c7f.mp3?_=1732086488 88546687-c6a3-4505-89d7-5af0eda4c505.mp3
https://audio.audiomeans.fr/file/nvPVUluDrr/8ec07150-9653-409f-ad48-4ddd4ae5fbf2.mp3?_=1733470680 a027034b-612f-4bbf-915e-ef2174ea5b57.mp3
https://audio.audiomeans.fr/file/nvPVUluDrr/90bef788-43da-41f9-b504-261efa1a1c68.mp3?_=1732088281 8fafe367-6762-4719-abfe-d9b7aaa132e5.mp3
https://audio.audiomeans.fr/file/nvPVUluDrr/920f2cb8-b01a-4d68-b1f5-e253a65137a1.mp3?_=1734334680 05ee38a5-0793-494d-ac50-c1909475379c.mp3
https://audio.audiomeans.fr/file/nvPVUluDrr/94802b6f-8086-4a12-81fe-4ab1cab00ed9.mp3?_=1732693081 5e721170-9465-40e9-8568-bca37aa9c4e5.mp3
https://audio.audiomeans.fr/file/nvPVUluDrr/948ac6d1-36ac-41fa-973b-f0b4146ec757.mp3?_=1729939802 1ef49ceb-1aaa-4993-b2d3-a595820d1f35.mp3
https://audio.audiomeans.fr/file/nvPVUluDrr/99a1d32d-179e-4eb4-9653-6e31f7b483f5.mp3?_=1733900881 f2806a92-328f-461c-91af-adb2ed4fb91c.mp3
https://audio.audiomeans.fr/file/nvPVUluDrr/9e12a322-49d8-466f-9aec-fb119d4c99b5.mp3?_=1731308881 3c5d16ba-8282-4560-b553-790d452605e1.mp3
https://audio.audiomeans.fr/file/nvPVUluDrr/a0d7e20d-6ee3-4793-b4e2-ef7081c6ecf9.mp3?_=1732180626 e8c6e200-d879-48e7-acf0-836092e74ac9.mp3
https://audio.audiomeans.fr/file/nvPVUluDrr/a2790bfb-3312-470c-8e3a-569b1121479a.mp3?_=1732261081 d20690e4-20c9-4a24-bf14-e9f43cfa3935.mp3
https://audio.audiomeans.fr/file/nvPVUluDrr/a8fb5ecd-d6f5-4a25-b57a-9da06156ec01.mp3?_=1731310980 6716e8cd-1814-4d1b-a67b-be724a2a7274.mp3
https://audio.audiomeans.fr/file/nvPVUluDrr/aac16c45-96f1-4163-9e7c-ffc8faa99741.mp3?_=1730706182 2b097a83-54d0-4ed5-9c53-509653e42479.mp3
https://audio.audiomeans.fr/file/nvPVUluDrr/adf2e860-e06e-4b38-9d03-f3a7d6a0aa57.mp3?_=1732604881 14d5b0b9-4fb8-408a-bcb2-c9ffaaec0620.mp3
https://audio.audiomeans.fr/file/nvPVUluDrr/af098b98-feaa-45fb-a240-6c4a9a7261cf.mp3?_=1733477466 8b6d15cd-09a6-45d2-83a6-3ac68216992b.mp3
https://audio.audiomeans.fr/file/nvPVUluDrr/b0c04de8-d0cc-4cfd-ab45-8dd9cf31a99f.mp3?_=1729751883 0238fe3f-b671-4911-8a61-520dca42afce.mp3
https://audio.audiomeans.fr/file/nvPVUluDrr/b11b4739-3685-4886-b823-cea497432a16.mp3?_=1729591058 b623d8ee-4bb9-43c3-9a14-4ceef8fbaa29.mp3
https://audio.audiomeans.fr/file/nvPVUluDrr/b1ccd08b-754b-44ef-814e-d309d973681e.mp3?_=1730965081 d44f2d64-74c4-42ea-85b6-a84cd2424aa6.mp3
https://audio.audiomeans.fr/file/nvPVUluDrr/b1f11e0e-4df8-486b-9030-33489efa7aac.mp3?_=1733330583 16207ff5-6600-485e-8cb0-e60bd68f55ac.mp3
https://audio.audiomeans.fr/file/nvPVUluDrr/b1f99208-8fa4-424f-8bd7-5b0654851be3.mp3?_=1732181819 748d3772-b600-48d2-ae2b-eb7f2c6a3282.mp3
https://audio.audiomeans.fr/file/nvPVUluDrr/b54f65f6-734b-4fc3-9b5e-62f66e48edcf.mp3?_=1733910630 5833c42e-c35e-423b-b2a9-174b295993b6.mp3
https://audio.audiomeans.fr/file/nvPVUluDrr/b64bb45d-2f20-4320-b709-c4242d715fcb.mp3?_=1730101381 1612b968-9a5c-4086-aea1-6282ebdc3a60.mp3
https://audio.audiomeans.fr/file/nvPVUluDrr/b8ddcb9d-ef5c-4a39-9b86-1869ac3a6ab5.mp3?_=1730994702 1c8a0fd0-f9ff-4669-93a3-bf699fcf6b02.mp3
https://audio.audiomeans.fr/file/nvPVUluDrr/b9169333-4656-4e68-b653-8378612cd7f6.mp3?_=1729579081 4c462201-95c0-46cd-9da2-c601b70a8dcc.mp3
https://audio.audiomeans.fr/file/nvPVUluDrr/bc4cda18-92c8-49b4-9948-1f2c7a1118b4.mp3?_=1729750081 69d66e83-90fb-4070-ace9-75834f8fab54.mp3
https://audio.audiomeans.fr/file/nvPVUluDrr/bef859a2-68a0-41ec-a6e2-bb2bceaf0db0.mp3?_=1731481681 8014d989-feec-4dd9-8487-a36ffa1159ec.mp3
https://audio.audiomeans.fr/file/nvPVUluDrr/c3cd625d-cc55-40e3-ae44-1a3c7fd7a35b.mp3?_=1730099280 ff955a7d-3e96-45f4-b7de-6f1e519c8d58.mp3
https://audio.audiomeans.fr/file/nvPVUluDrr/c3f189a5-9470-4e45-b0b4-ffe8432be8d9.mp3?_=1730358481 4dbb381f-d61d-4d62-a9d9-ac1e91852e54.mp3
https://audio.audiomeans.fr/file/nvPVUluDrr/c43b469f-c7e8-47bf-b2bb-509c240a9ca6.mp3?_=1733468881 cd63d4bf-5fd5-4a9d-82e1-c590903334e1.mp3
https://audio.audiomeans.fr/file/nvPVUluDrr/c7af0461-258e-4a5d-904c-eae2316d93f6.mp3?_=1730272081 87f7bafb-c67a-451b-b9f4-969652d3cd7c.mp3
https://audio.audiomeans.fr/file/nvPVUluDrr/ca3043b8-6a1b-4635-a793-56686ece029d.mp3?_=1732172881 672551a9-386c-4a11-b208-21c906fddabe.mp3
https://audio.audiomeans.fr/file/nvPVUluDrr/d2d59165-2dd7-4e69-a4db-b27be7fb2a59.mp3?_=1731396783 aa6754d2-0595-434c-9a5b-f989d5aefba9.mp3
https://audio.audiomeans.fr/file/nvPVUluDrr/d4251e40-1705-4b1a-a83c-672adc12a44f.mp3?_=1729663681 5f2f5669-718e-4799-9620-fa18e3ec1d2f.mp3
https://audio.audiomeans.fr/file/nvPVUluDrr/d46006a3-0404-414c-9811-d224ace49be6.mp3?_=1731049681 9169e085-80eb-48f4-81c7-c79d691d0330.mp3
https://audio.audiomeans.fr/file/nvPVUluDrr/d5aecb4e-dd39-456c-9967-7e1ce088b768.mp3?_=1729665481 a0d73dcd-e178-4856-86bf-0f507a769ebb.mp3
https://audio.audiomeans.fr/file/nvPVUluDrr/d650e707-cca2-45be-b2e1-0f876bbe26dd.mp3?_=1734075484 d724ee83-ce4f-4e9c-b22b-df1e44d66198.mp3
https://audio.audiomeans.fr/file/nvPVUluDrr/dd42415a-fe4c-45a8-95e2-8fc939a73df2.mp3?_=1733296081 10425ee0-106b-4ae4-b396-8efb5271ef62.mp3
https://audio.audiomeans.fr/file/nvPVUluDrr/dd70efd6-1c71-432f-859b-2882443e892d.mp3?_=1731915480 46d3896f-9f25-4e52-9a00-04559a580351.mp3
https://audio.audiomeans.fr/file/nvPVUluDrr/dda1ce16-e1b2-43e6-b94f-15e4a7c0ff95.mp3?_=1730963281 6a327c52-6fd2-403b-bd80-a629c12636ce.mp3
https://audio.audiomeans.fr/file/nvPVUluDrr/de8bd3b6-9d25-4a21-ac93-d6e06eb80967.mp3?_=1732865882 4c9889d7-c928-4768-88ae-b484e3289156.mp3
https://audio.audiomeans.fr/file/nvPVUluDrr/e521e2ee-0240-42b8-8eee-157cc271b9d6.mp3?_=1733395081 fb59a642-0929-4c73-92b4-3f7fb14eb476.mp3
https://audio.audiomeans.fr/file/nvPVUluDrr/e58faf55-a67d-4b1a-b0c9-a7446f16bd9d.mp3?_=1732779481 c94df698-4561-4638-8a5d-0ed789e7e716.mp3
https://audio.audiomeans.fr/file/nvPVUluDrr/e9f90725-2002-4232-9b15-97848885f4ae.mp3?_=1734332881 04ddf191-66c1-44c7-b869-86ddb0421188.mp3
https://audio.audiomeans.fr/file/nvPVUluDrr/f16ef37e-508f-4204-be17-9ff94b71ab5c.mp3?_=1731051481 61f05f6d-0886-4708-9165-c22d8d3a1a30.mp3
https://audio.audiomeans.fr/file/nvPVUluDrr/f2212784-75df-4070-9855-903c817ac7f8.mp3?_=1733211481 629f69d1-59c9-4718-994c-7e6c208d5a0f.mp3
https://audio.audiomeans.fr/file/nvPVUluDrr/fbda86e5-8846-4310-8e6f-2a52ee5d21ca.mp3?_=1729940129 88974cf3-3a1b-4ee5-abc6-95601d40c996.mp3
https://audio.audiomeans.fr/file/nvPVUluDrr/fde64d76-c731-4927-82cb-7496a2797115.mp3?_=1730446981 2c26620e-3e0b-4d76-9873-c6e06054f172.mp3
https://rtl.proxycast.org/3155520245867753472/02e133ee-8a85-4fca-aa25-34cb4d4148c3.mp3?u=nvPVUluDrr&_=1651148929 56089e80-752f-4e1d-b0bf-73c7ea8b099b.mp3
https://rtl.proxycast.org/3155520245867753472/02e133ee-8a85-4fca-aa25-34cb4d4148c3.mp3?u=nvPVUluDrr&amp;_=1651148929 56089e80-752f-4e1d-b0bf-73c7ea8b099b.mp3
